<?xml version="1.0" encoding="UTF-8"?>
<testsuite name="edu.vandy.recommender.movies.MoviesTest" tests="6" skipped="0" failures="0" errors="0" timestamp="2023-01-08T23:35:23" hostname="Douglass-MacBook-Pro.local" time="2.62">
  <properties/>
  <testcase name="testSearchMoviesContents()" classname="edu.vandy.recommender.movies.MoviesTest" time="1.106"/>
  <testcase name="testSearchMoviesSize()" classname="edu.vandy.recommender.movies.MoviesTest" time="0.059"/>
  <testcase name="testGetMoviesSize()" classname="edu.vandy.recommender.movies.MoviesTest" time="0.599"/>
  <testcase name="testSearchMoviesManySize()" classname="edu.vandy.recommender.movies.MoviesTest" time="0.257"/>
  <testcase name="testSearchMoviesManyContents()" classname="edu.vandy.recommender.movies.MoviesTest" time="0.048"/>
  <testcase name="testGetMoviesContents()" classname="edu.vandy.recommender.movies.MoviesTest" time="0.466"/>
  <system-out><![CDATA[17:35:10.553 [Test worker] DEBUG org.springframework.test.context.BootstrapUtils - Instantiating CacheAwareContextLoaderDelegate from class [org.springframework.test.context.cache.DefaultCacheAwareContextLoaderDelegate]
17:35:10.565 [Test worker] DEBUG org.springframework.test.context.BootstrapUtils - Instantiating BootstrapContext using constructor [public org.springframework.test.context.support.DefaultBootstrapContext(java.lang.Class,org.springframework.test.context.CacheAwareContextLoaderDelegate)]
17:35:10.631 [Test worker] DEBUG org.springframework.test.context.BootstrapUtils - Instantiating TestContextBootstrapper for test class [edu.vandy.recommender.movies.MoviesTest] from class [org.springframework.boot.test.context.SpringBootTestContextBootstrapper]
17:35:10.649 [Test worker] INFO org.springframework.boot.test.context.SpringBootTestContextBootstrapper - Neither @ContextConfiguration nor @ContextHierarchy found for test class [edu.vandy.recommender.movies.MoviesTest], using SpringBootContextLoader
17:35:10.654 [Test worker] DEBUG org.springframework.test.context.support.AbstractContextLoader - Did not detect default resource location for test class [edu.vandy.recommender.movies.MoviesTest]: class path resource [edu/vandy/recommender/movies/MoviesTest-context.xml] does not exist
17:35:10.654 [Test worker] DEBUG org.springframework.test.context.support.AbstractContextLoader - Did not detect default resource location for test class [edu.vandy.recommender.movies.MoviesTest]: class path resource [edu/vandy/recommender/movies/MoviesTestContext.groovy] does not exist
17:35:10.654 [Test worker] INFO org.springframework.test.context.support.AbstractContextLoader - Could not detect default resource locations for test class [edu.vandy.recommender.movies.MoviesTest]: no resource found for suffixes {-context.xml, Context.groovy}.
17:35:10.732 [Test worker] DEBUG org.springframework.test.context.support.ActiveProfilesUtils - Could not find an 'annotation declaring class' for annotation type [org.springframework.test.context.ActiveProfiles] and class [edu.vandy.recommender.movies.MoviesTest]
17:35:10.866 [Test worker] DEBUG org.springframework.boot.test.context.SpringBootTestContextBootstrapper - @TestExecutionListeners is not present for class [edu.vandy.recommender.movies.MoviesTest]: using defaults.
17:35:10.867 [Test worker] INFO org.springframework.boot.test.context.SpringBootTestContextBootstrapper - Loaded default TestExecutionListener class names from location [META-INF/spring.factories]: [org.springframework.test.context.web.ServletTestExecutionListener, org.springframework.test.context.support.DirtiesContextBeforeModesTestExecutionListener, org.springframework.test.context.event.ApplicationEventsTestExecutionListener, org.springframework.test.context.support.DependencyInjectionTestExecutionListener, org.springframework.test.context.support.DirtiesContextTestExecutionListener, org.springframework.test.context.transaction.TransactionalTestExecutionListener, org.springframework.test.context.jdbc.SqlScriptsTestExecutionListener, org.springframework.test.context.event.EventPublishingTestExecutionListener, org.springframework.boot.test.autoconfigure.restdocs.RestDocsTestExecutionListener, org.springframework.boot.test.autoconfigure.web.client.MockRestServiceServerResetTestExecutionListener, org.springframework.boot.test.autoconfigure.web.servlet.MockMvcPrintOnlyOnFailureTestExecutionListener, org.springframework.boot.test.autoconfigure.web.servlet.WebDriverTestExecutionListener, org.springframework.boot.test.autoconfigure.webservices.client.MockWebServiceServerTestExecutionListener, org.springframework.boot.test.mock.mockito.MockitoTestExecutionListener, org.springframework.boot.test.mock.mockito.ResetMocksTestExecutionListener]
17:35:10.877 [Test worker] DEBUG org.springframework.boot.test.context.SpringBootTestContextBootstrapper - Skipping candidate TestExecutionListener [org.springframework.test.context.transaction.TransactionalTestExecutionListener] due to a missing dependency. Specify custom listener classes or make the default listener classes and their required dependencies available. Offending class: [org/springframework/transaction/interceptor/TransactionAttributeSource]
17:35:10.877 [Test worker] DEBUG org.springframework.boot.test.context.SpringBootTestContextBootstrapper - Skipping candidate TestExecutionListener [org.springframework.test.context.jdbc.SqlScriptsTestExecutionListener] due to a missing dependency. Specify custom listener classes or make the default listener classes and their required dependencies available. Offending class: [org/springframework/transaction/interceptor/TransactionAttribute]
17:35:10.878 [Test worker] INFO org.springframework.boot.test.context.SpringBootTestContextBootstrapper - Using TestExecutionListeners: [org.springframework.test.context.web.ServletTestExecutionListener@c1bd0be, org.springframework.test.context.support.DirtiesContextBeforeModesTestExecutionListener@476b0ae6, org.springframework.test.context.event.ApplicationEventsTestExecutionListener@1c6804cd, org.springframework.boot.test.mock.mockito.MockitoTestExecutionListener@655f7ea, org.springframework.boot.test.autoconfigure.SpringBootDependencyInjectionTestExecutionListener@549949be, org.springframework.test.context.support.DirtiesContextTestExecutionListener@4b3a45f1, org.springframework.test.context.event.EventPublishingTestExecutionListener@17a87e37, org.springframework.boot.test.autoconfigure.restdocs.RestDocsTestExecutionListener@3eeb318f, org.springframework.boot.test.autoconfigure.web.client.MockRestServiceServerResetTestExecutionListener@20a14b55, org.springframework.boot.test.autoconfigure.web.servlet.MockMvcPrintOnlyOnFailureTestExecutionListener@39ad977d, org.springframework.boot.test.autoconfigure.web.servlet.WebDriverTestExecutionListener@6da00fb9, org.springframework.boot.test.autoconfigure.webservices.client.MockWebServiceServerTestExecutionListener@a202ccb, org.springframework.boot.test.mock.mockito.ResetMocksTestExecutionListener@20f12539]
17:35:10.881 [Test worker] DEBUG org.springframework.test.context.support.AbstractDirtiesContextTestExecutionListener - Before test class: context [DefaultTestContext@320de594 testClass = MoviesTest, testInstance = [null], testMethod = [null], testException = [null], mergedContextConfiguration = [WebMergedContextConfiguration@3dd1dc90 testClass = MoviesTest, locations = '{}', classes = '{class edu.vandy.recommender.movies.MoviesApplication}', contextInitializerClasses = '[]', activeProfiles = '{}', propertySourceLocations = '{}', propertySourceProperties = '{org.springframework.boot.test.context.SpringBootTestContextBootstrapper=true}', contextCustomizers = set[org.springframework.boot.test.autoconfigure.actuate.metrics.MetricsExportContextCustomizerFactory$DisableMetricExportContextCustomizer@70f02c32, org.springframework.boot.test.autoconfigure.properties.PropertyMappingContextCustomizer@0, org.springframework.boot.test.autoconfigure.web.servlet.WebDriverContextCustomizerFactory$Customizer@78641d23, org.springframework.boot.test.context.filter.ExcludeFilterContextCustomizer@2f67b837, org.springframework.boot.test.json.DuplicateJsonObjectContextCustomizerFactory$DuplicateJsonObjectContextCustomizer@291a7e3c, org.springframework.boot.test.mock.mockito.MockitoContextCustomizer@0, org.springframework.boot.test.web.client.TestRestTemplateContextCustomizer@3abada5a, org.springframework.boot.test.context.SpringBootTestArgs@1, org.springframework.boot.test.context.SpringBootTestWebEnvironment@610f7aa], resourceBasePath = 'src/main/webapp', contextLoader = 'org.springframework.boot.test.context.SpringBootContextLoader', parent = [null]], attributes = map['org.springframework.test.context.web.ServletTestExecutionListener.activateListener' -> false]], class annotated with @DirtiesContext [false] with mode [null].
17:35:10.898 [Test worker] DEBUG org.springframework.test.context.support.DependencyInjectionTestExecutionListener - Performing dependency injection for test context [[DefaultTestContext@320de594 testClass = MoviesTest, testInstance = edu.vandy.recommender.movies.MoviesTest@2cae1042, testMethod = [null], testException = [null], mergedContextConfiguration = [WebMergedContextConfiguration@3dd1dc90 testClass = MoviesTest, locations = '{}', classes = '{class edu.vandy.recommender.movies.MoviesApplication}', contextInitializerClasses = '[]', activeProfiles = '{}', propertySourceLocations = '{}', propertySourceProperties = '{org.springframework.boot.test.context.SpringBootTestContextBootstrapper=true}', contextCustomizers = set[org.springframework.boot.test.autoconfigure.actuate.metrics.MetricsExportContextCustomizerFactory$DisableMetricExportContextCustomizer@70f02c32, org.springframework.boot.test.autoconfigure.properties.PropertyMappingContextCustomizer@0, org.springframework.boot.test.autoconfigure.web.servlet.WebDriverContextCustomizerFactory$Customizer@78641d23, org.springframework.boot.test.context.filter.ExcludeFilterContextCustomizer@2f67b837, org.springframework.boot.test.json.DuplicateJsonObjectContextCustomizerFactory$DuplicateJsonObjectContextCustomizer@291a7e3c, org.springframework.boot.test.mock.mockito.MockitoContextCustomizer@0, org.springframework.boot.test.web.client.TestRestTemplateContextCustomizer@3abada5a, org.springframework.boot.test.context.SpringBootTestArgs@1, org.springframework.boot.test.context.SpringBootTestWebEnvironment@610f7aa], resourceBasePath = 'src/main/webapp', contextLoader = 'org.springframework.boot.test.context.SpringBootContextLoader', parent = [null]], attributes = map['org.springframework.test.context.web.ServletTestExecutionListener.activateListener' -> false, 'org.springframework.test.context.event.ApplicationEventsTestExecutionListener.recordApplicationEvents' -> false]]].

  .   ____          _            __ _ _
 /\\ / ___'_ __ _ _(_)_ __  __ _ \ \ \ \
( ( )\___ | '_ | '_| | '_ \/ _` | \ \ \ \
 \\/  ___)| |_)| | | | | || (_| |  ) ) ) )
  '  |____| .__|_| |_|_| |_\__, | / / / /
 =========|_|==============|___/=/_/_/_/
 :: Spring Boot ::                (v2.7.3)

DATABASE: successfully loaded 4801 vectors.
MoviesApplication: successfully loaded 4801 movies.
DATABASE: successfully loaded 4801 vectors.
]]></system-out>
  <system-err><![CDATA[]]></system-err>
</testsuite>
